<?xml version="1.0" encoding="UTF-8"?>
<!-- Generated by org.testng.reporters.JUnitReportReporter -->
<testsuite hostname="DESKTOP-A5NETF3" failures="0" tests="1" name="action_test.AlertsHandling" time="7.220" errors="0" timestamp="2022-03-14T20:32:37 BDT" skipped="0">
  <testcase classname="action_test.AlertsHandling" name="alertsHandling" time="7.220"/>
  <system-out/>
</testsuite> <!-- action_test.AlertsHandling -->
