<?xml version="1.0" encoding="UTF-8"?>
<!-- Generated by org.testng.reporters.JUnitReportReporter -->
<testsuite hostname="DESKTOP-A5NETF3" failures="0" tests="1" name="action_test.AlertsHandling" time="10.864" errors="0" timestamp="2022-03-11T22:15:27 BDT" skipped="0">
  <testcase classname="action_test.AlertsHandling" name="alertsHandling" time="10.864"/>
  <system-out/>
</testsuite> <!-- action_test.AlertsHandling -->
