<?xml version="1.0" encoding="UTF-8"?>
<!-- Generated by org.testng.reporters.JUnitReportReporter -->
<testsuite hostname="DESKTOP-A5NETF3" failures="0" tests="2" name="test_case_package.TC001" time="11.103" errors="0" timestamp="2022-03-04T17:21:40 BDT" skipped="0">
  <testcase classname="test_case_package.TC001" name="emptyInputField" time="4.169"/>
  <system-out/>
  <testcase classname="test_case_package.TC001" name="checkBox" time="6.934"/>
  <system-out/>
</testsuite> <!-- test_case_package.TC001 -->
