<?xml version="1.0" encoding="UTF-8"?>
<!-- Generated by org.testng.reporters.JUnitReportReporter -->
<testsuite hostname="DESKTOP-A5NETF3" failures="0" tests="1" name="action_test.WindowsHandling" time="4.501" errors="0" timestamp="2022-03-11T15:50:25 BDT" skipped="0">
  <testcase classname="action_test.WindowsHandling" name="window" time="4.501"/>
  <system-out/>
</testsuite> <!-- action_test.WindowsHandling -->
