<?xml version="1.0" encoding="UTF-8"?>
<!-- Generated by org.testng.reporters.JUnitReportReporter -->
<testsuite hostname="DESKTOP-A5NETF3" failures="0" tests="2" name="test_cases1.EmptyInput" time="3.294" errors="0" timestamp="2022-03-19T12:30:03 BDT" skipped="0">
  <testcase classname="test_cases1.EmptyInput" name="TC01" time="2.063"/>
  <system-out/>
  <testcase classname="test_cases1.EmptyInput" name="TC02" time="1.231"/>
  <system-out/>
</testsuite> <!-- test_cases1.EmptyInput -->
