<?xml version="1.0" encoding="UTF-8"?>
<!-- Generated by org.testng.reporters.JUnitReportReporter -->
<testsuite hostname="DESKTOP-A5NETF3" failures="0" tests="1" name="test_case_package.TC002" time="6.927" errors="0" timestamp="2022-03-04T17:36:43 BDT" skipped="0">
  <testcase classname="test_case_package.TC002" name="signup" time="6.927"/>
  <system-out/>
</testsuite> <!-- test_case_package.TC002 -->
