<?xml version="1.0" encoding="UTF-8"?>
<!-- Generated by org.testng.reporters.JUnitReportReporter -->
<testsuite hostname="DESKTOP-A5NETF3" failures="0" tests="2" name="test_cases1.EmptyInput" time="3.100" errors="0" timestamp="2022-03-14T19:35:04 BDT" skipped="0">
  <testcase classname="test_cases1.EmptyInput" name="TC01" time="1.869"/>
  <system-out/>
  <testcase classname="test_cases1.EmptyInput" name="TC02" time="1.231"/>
  <system-out/>
</testsuite> <!-- test_cases1.EmptyInput -->
