<?xml version="1.0" encoding="UTF-8"?>
<!-- Generated by org.testng.reporters.JUnitReportReporter -->
<testsuite hostname="DESKTOP-A5NETF3" failures="0" tests="3" name="test_cases2.PlaceOrder" time="5.312" errors="0" timestamp="2022-03-14T19:53:41 BDT" skipped="0">
  <testcase classname="test_cases2.PlaceOrder" name="addToCart" time="2.821"/>
  <system-out/>
  <testcase classname="test_cases2.PlaceOrder" name="checkout" time="1.284"/>
  <system-out/>
  <testcase classname="test_cases2.PlaceOrder" name="placeOrder" time="1.207"/>
  <system-out/>
</testsuite> <!-- test_cases2.PlaceOrder -->
