<?xml version="1.0" encoding="UTF-8"?>
<!-- Generated by org.testng.reporters.JUnitReportReporter -->
<testsuite hostname="DESKTOP-A5NETF3" failures="0" tests="2" name="test_case_package.TC001" time="3.051" errors="0" timestamp="2022-03-14T01:38:43 BDT" skipped="0">
  <testcase classname="test_case_package.TC001" name="TC001_1" time="1.760"/>
  <system-out/>
  <testcase classname="test_case_package.TC001" name="TC001_2" time="1.291"/>
  <system-out/>
</testsuite> <!-- test_case_package.TC001 -->
