<?xml version="1.0" encoding="UTF-8"?>
<!-- Generated by org.testng.reporters.JUnitReportReporter -->
<testsuite hostname="DESKTOP-A5NETF3" failures="0" tests="2" name="test_case_package.TC001" time="12.314" errors="0" timestamp="2022-03-05T16:12:48 BDT" skipped="0">
  <testcase classname="test_case_package.TC001" name="emptyInputField" time="4.068"/>
  <system-out/>
  <testcase classname="test_case_package.TC001" name="clickCheckBox" time="8.246"/>
  <system-out/>
</testsuite> <!-- test_case_package.TC001 -->
