<?xml version="1.0" encoding="UTF-8"?>
<!-- Generated by org.testng.reporters.JUnitReportReporter -->
<testsuite hostname="DESKTOP-A5NETF3" failures="0" tests="2" name="test_case_package2.TC001" time="2.555" errors="0" timestamp="2022-03-10T09:01:19 BDT" skipped="0">
  <testcase classname="test_case_package2.TC001" name="addToCart" time="2.458"/>
  <system-out/>
  <testcase classname="test_case_package2.TC001" name="checkout" time="0.097"/>
  <system-out/>
</testsuite> <!-- test_case_package2.TC001 -->
