<?xml version="1.0" encoding="UTF-8"?>
<!-- Generated by org.testng.reporters.JUnitReportReporter -->
<testsuite hostname="DESKTOP-A5NETF3" failures="0" tests="2" name="test_cases2.AddToCart" time="4.583" errors="0" timestamp="2022-03-14T19:32:29 BDT" skipped="0">
  <testcase classname="test_cases2.AddToCart" name="addToCart" time="3.472"/>
  <system-out/>
  <testcase classname="test_cases2.AddToCart" name="checkout" time="1.111"/>
  <system-out/>
</testsuite> <!-- test_cases2.AddToCart -->
