<?xml version="1.0" encoding="UTF-8"?>
<!-- Generated by org.testng.reporters.JUnitReportReporter -->
<testsuite hostname="DESKTOP-A5NETF3" failures="0" tests="2" name="test_cases1.EmptyInput" time="3.383" errors="0" timestamp="2022-03-16T12:28:43 BDT" skipped="0">
  <testcase classname="test_cases1.EmptyInput" name="TC01" time="2.081"/>
  <system-out/>
  <testcase classname="test_cases1.EmptyInput" name="TC02" time="1.302"/>
  <system-out/>
</testsuite> <!-- test_cases1.EmptyInput -->
