<?xml version="1.0" encoding="UTF-8"?>
<!-- Generated by org.testng.reporters.JUnitReportReporter -->
<testsuite hostname="DESKTOP-A5NETF3" failures="0" tests="5" name="test_cases2.PromoCode" time="15.469" errors="0" timestamp="2022-03-14T19:54:35 BDT" skipped="0">
  <testcase classname="test_cases2.PromoCode" name="addToCart" time="2.512"/>
  <system-out/>
  <testcase classname="test_cases2.PromoCode" name="checkout" time="1.279"/>
  <system-out/>
  <testcase classname="test_cases2.PromoCode" name="promoCodeEmpty" time="1.076"/>
  <system-out/>
  <testcase classname="test_cases2.PromoCode" name="promoCodeWrong" time="5.261"/>
  <system-out/>
  <testcase classname="test_cases2.PromoCode" name="promoCodeRight" time="5.341"/>
  <system-out/>
</testsuite> <!-- test_cases2.PromoCode -->
