<?xml version="1.0" encoding="UTF-8"?>
<!-- Generated by org.testng.reporters.JUnitReportReporter -->
<testsuite hostname="DESKTOP-A5NETF3" failures="0" tests="3" name="test_case_package2.TC003" time="12.555" errors="0" timestamp="2022-03-08T19:09:49 BDT" skipped="0">
  <testcase classname="test_case_package2.TC003" name="addToCart" time="11.761"/>
  <system-out/>
  <testcase classname="test_case_package2.TC003" name="checkout" time="0.102"/>
  <system-out/>
  <testcase classname="test_case_package2.TC003" name="placeOrder" time="0.692"/>
  <system-out/>
</testsuite> <!-- test_case_package2.TC003 -->
