<?xml version="1.0" encoding="UTF-8"?>
<!-- Generated by org.testng.reporters.JUnitReportReporter -->
<testsuite hostname="DESKTOP-A5NETF3" failures="0" tests="2" name="test_case_package2.TC001" time="8.770" errors="0" timestamp="2022-03-08T18:58:37 BDT" skipped="0">
  <testcase classname="test_case_package2.TC001" name="addToCart" time="8.669"/>
  <system-out/>
  <testcase classname="test_case_package2.TC001" name="checkout" time="0.101"/>
  <system-out/>
</testsuite> <!-- test_case_package2.TC001 -->
