<?xml version="1.0" encoding="UTF-8"?>
<!-- Generated by org.testng.reporters.JUnitReportReporter -->
<testsuite hostname="DESKTOP-A5NETF3" failures="0" tests="2" name="action_test.MouseOver" time="9.028" errors="0" timestamp="2022-03-14T23:08:10 BDT" skipped="0">
  <testcase classname="action_test.MouseOver" name="teamSchedule" time="4.657"/>
  <system-out/>
  <testcase classname="action_test.MouseOver" name="search" time="4.371"/>
  <system-out/>
</testsuite> <!-- action_test.MouseOver -->
