<?xml version="1.0" encoding="UTF-8"?>
<!-- Generated by org.testng.reporters.JUnitReportReporter -->
<testsuite hostname="DESKTOP-A5NETF3" failures="0" tests="3" name="action_test.MouseOver" time="17.331" errors="0" timestamp="2022-03-11T14:14:52 BDT" skipped="0">
  <testcase classname="action_test.MouseOver" name="hover" time="7.331"/>
  <system-out/>
  <testcase classname="action_test.MouseOver" name="inputSearch" time="2.464"/>
  <system-out/>
  <testcase classname="action_test.MouseOver" name="menuHover" time="7.536"/>
  <system-out/>
</testsuite> <!-- action_test.MouseOver -->
