<?xml version="1.0" encoding="UTF-8"?>
<!-- Generated by org.testng.reporters.JUnitReportReporter -->
<testsuite hostname="DESKTOP-A5NETF3" failures="0" tests="2" name="test_case_package.TC001" time="12.345" errors="0" timestamp="2022-03-05T22:19:38 BDT" skipped="0">
  <testcase classname="test_case_package.TC001" name="TC001_1" time="4.072"/>
  <system-out/>
  <testcase classname="test_case_package.TC001" name="TC001_2" time="8.273"/>
  <system-out/>
</testsuite> <!-- test_case_package.TC001 -->
