<?xml version="1.0" encoding="UTF-8"?>
<!-- Generated by org.testng.reporters.JUnitReportReporter -->
<testsuite hostname="DESKTOP-A5NETF3" failures="0" tests="1" name="test_case_package.TC003" time="2.678" errors="0" timestamp="2022-03-08T12:13:03 BDT" skipped="0">
  <testcase classname="test_case_package.TC003" name="tc003" time="2.678"/>
  <system-out/>
</testsuite> <!-- test_case_package.TC003 -->
