<?xml version="1.0" encoding="UTF-8"?>
<!-- Generated by org.testng.reporters.JUnitReportReporter -->
<testsuite hostname="DESKTOP-A5NETF3" failures="0" tests="3" name="action_test.MouseOver" time="16.005" errors="0" timestamp="2022-03-11T22:14:02 BDT" skipped="0">
  <testcase classname="action_test.MouseOver" name="hover" time="4.993"/>
  <system-out/>
  <testcase classname="action_test.MouseOver" name="inputSearch" time="2.426"/>
  <system-out/>
  <testcase classname="action_test.MouseOver" name="menuHover" time="8.586"/>
  <system-out/>
</testsuite> <!-- action_test.MouseOver -->
