<?xml version="1.0" encoding="UTF-8"?>
<!-- Generated by org.testng.reporters.JUnitReportReporter -->
<testsuite hostname="DESKTOP-A5NETF3" failures="0" tests="2" name="test_cases1.EmptyInput" time="2.943" errors="0" timestamp="2022-03-14T02:06:04 BDT" skipped="0">
  <testcase classname="test_cases1.EmptyInput" name="TC01" time="1.707"/>
  <system-out/>
  <testcase classname="test_cases1.EmptyInput" name="TC02" time="1.236"/>
  <system-out/>
</testsuite> <!-- test_cases1.EmptyInput -->
