<?xml version="1.0" encoding="UTF-8"?>
<!-- Generated by org.testng.reporters.JUnitReportReporter -->
<testsuite hostname="DESKTOP-A5NETF3" failures="0" tests="1" name="test_case_package2.TC001" time="1.993" errors="0" timestamp="2022-03-08T12:13:37 BDT" skipped="0">
  <testcase classname="test_case_package2.TC001" name="flights" time="1.993"/>
  <system-out/>
</testsuite> <!-- test_case_package2.TC001 -->
