<?xml version="1.0" encoding="UTF-8"?>
<!-- Generated by org.testng.reporters.JUnitReportReporter -->
<testsuite hostname="DESKTOP-A5NETF3" failures="0" tests="4" name="test_case_package2.TC001" time="10.706" errors="0" timestamp="2022-03-08T16:40:18 BDT" skipped="0">
  <testcase classname="test_case_package2.TC001" name="addToCart" time="2.823"/>
  <system-out/>
  <testcase classname="test_case_package2.TC001" name="checkout" time="0.096"/>
  <system-out/>
  <testcase classname="test_case_package2.TC001" name="promoCodeEmpty" time="2.566"/>
  <system-out/>
  <testcase classname="test_case_package2.TC001" name="promoCodeWrong" time="5.221"/>
  <system-out/>
</testsuite> <!-- test_case_package2.TC001 -->
