<?xml version="1.0" encoding="UTF-8"?>
<!-- Generated by org.testng.reporters.JUnitReportReporter -->
<testsuite hostname="DESKTOP-A5NETF3" failures="0" tests="1" name="action_test.AlertsHandling" time="6.929" errors="0" timestamp="2022-03-10T21:22:05 BDT" skipped="0">
  <testcase classname="action_test.AlertsHandling" name="alertsHandling" time="6.929"/>
  <system-out/>
</testsuite> <!-- action_test.AlertsHandling -->
