<?xml version="1.0" encoding="UTF-8"?>
<!-- Generated by org.testng.reporters.JUnitReportReporter -->
<testsuite hostname="DESKTOP-A5NETF3" failures="0" tests="1" name="test_case_package.TC001" time="3.763" errors="0" timestamp="2022-03-03T20:18:49 BDT" skipped="0">
  <testcase classname="test_case_package.TC001" name="locator" time="3.763"/>
  <system-out/>
</testsuite> <!-- test_case_package.TC001 -->
