<?xml version="1.0" encoding="UTF-8"?>
<!-- Generated by org.testng.reporters.JUnitReportReporter -->
<testsuite hostname="DESKTOP-A5NETF3" failures="0" tests="1" name="test_cases1.ForgotPassword" time="2.943" errors="0" timestamp="2022-03-14T02:03:14 BDT" skipped="0">
  <testcase classname="test_cases1.ForgotPassword" name="TC04" time="2.943"/>
  <system-out/>
</testsuite> <!-- test_cases1.ForgotPassword -->
