<?xml version="1.0" encoding="UTF-8"?>
<!-- Generated by org.testng.reporters.JUnitReportReporter -->
<testsuite hostname="DESKTOP-A5NETF3" failures="0" tests="1" name="test_cases1.SignUp" time="1.851" errors="0" timestamp="2022-03-19T12:29:25 BDT" skipped="0">
  <testcase classname="test_cases1.SignUp" name="TC03" time="1.851"/>
  <system-out/>
</testsuite> <!-- test_cases1.SignUp -->
