<?xml version="1.0" encoding="UTF-8"?>
<!-- Generated by org.testng.reporters.JUnitReportReporter -->
<testsuite hostname="DESKTOP-A5NETF3" failures="0" tests="5" name="test_case_package2.TC002" time="25.691" errors="0" timestamp="2022-03-08T19:00:36 BDT" skipped="0">
  <testcase classname="test_case_package2.TC002" name="addToCart" time="12.070"/>
  <system-out/>
  <testcase classname="test_case_package2.TC002" name="checkout" time="0.095"/>
  <system-out/>
  <testcase classname="test_case_package2.TC002" name="promoCodeEmpty" time="2.575"/>
  <system-out/>
  <testcase classname="test_case_package2.TC002" name="promoCodeWrong" time="5.341"/>
  <system-out/>
  <testcase classname="test_case_package2.TC002" name="promoCodeRight" time="5.610"/>
  <system-out/>
</testsuite> <!-- test_case_package2.TC002 -->
