<?xml version="1.0" encoding="UTF-8"?>
<!-- Generated by org.testng.reporters.JUnitReportReporter -->
<testsuite hostname="DESKTOP-A5NETF3" failures="0" tests="5" name="test_cases2.PromoCode" time="16.254" errors="0" timestamp="2022-03-14T19:34:17 BDT" skipped="0">
  <testcase classname="test_cases2.PromoCode" name="addToCart" time="2.488"/>
  <system-out/>
  <testcase classname="test_cases2.PromoCode" name="checkout" time="1.109"/>
  <system-out/>
  <testcase classname="test_cases2.PromoCode" name="promoCodeEmpty" time="2.074"/>
  <system-out/>
  <testcase classname="test_cases2.PromoCode" name="promoCodeWrong" time="5.246"/>
  <system-out/>
  <testcase classname="test_cases2.PromoCode" name="promoCodeRight" time="5.337"/>
  <system-out/>
</testsuite> <!-- test_cases2.PromoCode -->
