<?xml version="1.0" encoding="UTF-8"?>
<!-- Generated by org.testng.reporters.JUnitReportReporter -->
<testsuite hostname="DESKTOP-A5NETF3" failures="0" tests="1" name="action_test.Frame" time="4.151" errors="0" timestamp="2022-03-14T21:04:50 BDT" skipped="0">
  <testcase classname="action_test.Frame" name="frame" time="4.151"/>
  <system-out/>
</testsuite> <!-- action_test.Frame -->
